# JRE version: OpenJDK Runtime Environment Zulu17.58+21-CA (17.0.15+6) (build 17.0.15+6-LTS)
# Java VM: OpenJDK 64-Bit Server VM Zulu17.58+21-CA (17.0.15+6-LTS, mixed mode, sharing, tiered, compressed oops, compressed class ptrs, g1 gc, windows-amd64)
GC Precious Log:
 CPUs: 16 total, 16 available
 Memory: 15720M
 Large Page Support: Disabled
 NUMA Support: Disabled
 Compressed Oops: Enabled (32-bit)
 Heap Region Size: 1M
 Heap Min Capacity: 8M
 Heap Initial Capacity: 246M
 Heap Max Capacity: 2G
 Pre-touch: Disabled
 Parallel Workers: 13
 Concurrent Workers: 3
 Concurrent Refinement Workers: 13
 Periodic GC: Disabled
Heap:
 garbage-first heap   total 152576K, used 102696K [0x0000000080000000, 0x0000000100000000)
  region size 1024K, 43 young (44032K), 6 survivors (6144K)
 Metaspace       used 77540K, committed 78336K, reserved 557056K
  class space    used 10753K, committed 11136K, reserved 425984K
GC Heap History (20 events):
Event: 10.505 GC heap before
{Heap before GC invocations=18 (full 0):
 garbage-first heap   total 89088K, used 70804K [0x0000000080000000, 0x0000000100000000)
  region size 1024K, 28 young (28672K), 3 survivors (3072K)
 Metaspace       used 61056K, committed 61568K, reserved 491520K
  class space    used 8418K, committed 8640K, reserved 425984K
}
Event: 10.508 GC heap after
{Heap after GC invocations=19 (full 0):
 garbage-first heap   total 89088K, used 49155K [0x0000000080000000, 0x0000000100000000)
  region size 1024K, 4 young (4096K), 4 survivors (4096K)
 Metaspace       used 61056K, committed 61568K, reserved 491520K
  class space    used 8418K, committed 8640K, reserved 425984K
}
Event: 10.860 GC heap before
{Heap before GC invocations=20 (full 0):
 garbage-first heap   total 89088K, used 77827K [0x0000000080000000, 0x0000000100000000)
  region size 1024K, 26 young (26624K), 4 survivors (4096K)
 Metaspace       used 62587K, committed 63168K, reserved 491520K
  class space    used 8619K, committed 8896K, reserved 425984K
}
Event: 10.862 GC heap after
{Heap after GC invocations=21 (full 0):
 garbage-first heap   total 89088K, used 57628K [0x0000000080000000, 0x0000000100000000)
  region size 1024K, 4 young (4096K), 4 survivors (4096K)
 Metaspace       used 62587K, committed 63168K, reserved 491520K
  class space    used 8619K, committed 8896K, reserved 425984K
}
Event: 10.877 GC heap before
{Heap before GC invocations=21 (full 0):
 garbage-first heap   total 89088K, used 58652K [0x0000000080000000, 0x0000000100000000)
  region size 1024K, 5 young (5120K), 4 survivors (4096K)
 Metaspace       used 62723K, committed 63296K, reserved 491520K
  class space    used 8633K, committed 8896K, reserved 425984K
}
Event: 10.878 GC heap after
{Heap after GC invocations=22 (full 0):
 garbage-first heap   total 89088K, used 57298K [0x0000000080000000, 0x0000000100000000)
  region size 1024K, 1 young (1024K), 1 survivors (1024K)
 Metaspace       used 62723K, committed 63296K, reserved 491520K
  class space    used 8633K, committed 8896K, reserved 425984K
}
Event: 11.087 GC heap before
{Heap before GC invocations=22 (full 0):
 garbage-first heap   total 89088K, used 71634K [0x0000000080000000, 0x0000000100000000)
  region size 1024K, 15 young (15360K), 1 survivors (1024K)
 Metaspace       used 64598K, committed 65216K, reserved 491520K
  class space    used 8873K, committed 9152K, reserved 425984K
}
Event: 11.089 GC heap after
{Heap after GC invocations=23 (full 0):
 garbage-first heap   total 89088K, used 57719K [0x0000000080000000, 0x0000000100000000)
  region size 1024K, 1 young (1024K), 1 survivors (1024K)
 Metaspace       used 64598K, committed 65216K, reserved 491520K
  class space    used 8873K, committed 9152K, reserved 425984K
}
Event: 11.289 GC heap before
{Heap before GC invocations=24 (full 0):
 garbage-first heap   total 101376K, used 73079K [0x0000000080000000, 0x0000000100000000)
  region size 1024K, 16 young (16384K), 1 survivors (1024K)
 Metaspace       used 65585K, committed 66176K, reserved 491520K
  class space    used 9040K, committed 9344K, reserved 425984K
}
Event: 11.291 GC heap after
{Heap after GC invocations=25 (full 0):
 garbage-first heap   total 101376K, used 58163K [0x0000000080000000, 0x0000000100000000)
  region size 1024K, 2 young (2048K), 2 survivors (2048K)
 Metaspace       used 65585K, committed 66176K, reserved 491520K
  class space    used 9040K, committed 9344K, reserved 425984K
}
Event: 11.314 GC heap before
{Heap before GC invocations=25 (full 0):
 garbage-first heap   total 101376K, used 59187K [0x0000000080000000, 0x0000000100000000)
  region size 1024K, 4 young (4096K), 2 survivors (2048K)
 Metaspace       used 65716K, committed 66304K, reserved 491520K
  class space    used 9056K, committed 9344K, reserved 425984K
}
Event: 11.315 GC heap after
{Heap after GC invocations=26 (full 0):
 garbage-first heap   total 101376K, used 57755K [0x0000000080000000, 0x0000000100000000)
  region size 1024K, 1 young (1024K), 1 survivors (1024K)
 Metaspace       used 65716K, committed 66304K, reserved 491520K
  class space    used 9056K, committed 9344K, reserved 425984K
}
Event: 11.629 GC heap before
{Heap before GC invocations=26 (full 0):
 garbage-first heap   total 101376K, used 82331K [0x0000000080000000, 0x0000000100000000)
  region size 1024K, 26 young (26624K), 1 survivors (1024K)
 Metaspace       used 67433K, committed 68032K, reserved 491520K
  class space    used 9269K, committed 9536K, reserved 425984K
}
Event: 11.631 GC heap after
{Heap after GC invocations=27 (full 0):
 garbage-first heap   total 152576K, used 58608K [0x0000000080000000, 0x0000000100000000)
  region size 1024K, 2 young (2048K), 2 survivors (2048K)
 Metaspace       used 67433K, committed 68032K, reserved 491520K
  class space    used 9269K, committed 9536K, reserved 425984K
}
Event: 12.493 GC heap before
{Heap before GC invocations=28 (full 0):
 garbage-first heap   total 152576K, used 124144K [0x0000000080000000, 0x0000000100000000)
  region size 1024K, 66 young (67584K), 2 survivors (2048K)
 Metaspace       used 72111K, committed 72832K, reserved 491520K
  class space    used 10016K, committed 10368K, reserved 425984K
}
Event: 12.495 GC heap after
{Heap after GC invocations=29 (full 0):
 garbage-first heap   total 152576K, used 60734K [0x0000000080000000, 0x0000000100000000)
  region size 1024K, 4 young (4096K), 4 survivors (4096K)
 Metaspace       used 72111K, committed 72832K, reserved 491520K
  class space    used 10016K, committed 10368K, reserved 425984K
}
Event: 12.551 GC heap before
{Heap before GC invocations=29 (full 0):
 garbage-first heap   total 152576K, used 63806K [0x0000000080000000, 0x0000000100000000)
  region size 1024K, 7 young (7168K), 4 survivors (4096K)
 Metaspace       used 72324K, committed 73024K, reserved 491520K
  class space    used 10047K, committed 10368K, reserved 425984K
}
Event: 12.554 GC heap after
{Heap after GC invocations=30 (full 0):
 garbage-first heap   total 152576K, used 60862K [0x0000000080000000, 0x0000000100000000)
  region size 1024K, 1 young (1024K), 1 survivors (1024K)
 Metaspace       used 72324K, committed 73024K, reserved 491520K
  class space    used 10047K, committed 10368K, reserved 425984K
}
Event: 14.781 GC heap before
{Heap before GC invocations=30 (full 0):
 garbage-first heap   total 152576K, used 124350K [0x0000000080000000, 0x0000000100000000)
  region size 1024K, 64 young (65536K), 1 survivors (1024K)
 Metaspace       used 74874K, committed 75648K, reserved 491520K
  class space    used 10370K, committed 10752K, reserved 425984K
}
Event: 14.785 GC heap after
{Heap after GC invocations=31 (full 0):
 garbage-first heap   total 152576K, used 65832K [0x0000000080000000, 0x0000000100000000)
  region size 1024K, 6 young (6144K), 6 survivors (6144K)
 Metaspace       used 74874K, committed 75648K, reserved 491520K
  class space    used 10370K, committed 10752K, reserved 425984K
}

